
=== ERROR 2025-01-08T23:09:45.044Z ===
File: CCDAK-Exam-Questions\Broker\Questions1.md
Message: Structure issues found: No answer specified, No explanation provided, Default answer used
Question Data:
{
  "title": ":",
  "content": ":\nAssuming a Kafka topic is configured with the following settings:\n- `log.segment.bytes` = 1073741824 (1GB)\n- `log.retention.ms` = 86400000 (1 day)\n- `log.retention.bytes` = -1\nWhich of the following statements accurately describes the log retention policy for this Kafka topic?",
  "options": [
    {
      "index": "1",
      "text": "Logs are retained based on size; once the log size exceeds 1GB, older segments are deleted.",
      "originalIndex": "1"
    },
    {
      "index": "2",
      "text": "Logs are retained for exactly one day, regardless of the size of the log.",
      "originalIndex": "2"
    },
    {
      "index": "3",
      "text": "Logs are retained until the size of the log exceeds 1GB or for one day, whichever comes first.",
      "originalIndex": "3"
    },
    {
      "index": "4",
      "text": "Logs are retained indefinitely, as `log.retention.bytes` is set to -1, overriding other retention configurations.",
      "originalIndex": "4"
    },
    {
      "index": "1",
      "text": "**Incorrect**. Although `log.segment.bytes` is set to 1GB, this setting alone does not dictate log retention based on size. It specifies the maximum size of a single log segment file. The deletion policy based on size is controlled by `log.retention.bytes`, which is not effectively set here due to its value being -1 (indicating no limit).",
      "originalIndex": "1"
    },
    {
      "index": "2",
      "text": "**Correct**. The setting `log.retention.ms` = 86400000 specifies that logs are retained for 86400000 milliseconds, which is equivalent to 24 hours or one day. This means logs are deleted after one day, regardless of their size, as long as `log.retention.bytes` does not impose a stricter limit, which in this case, it does not (`log.retention.bytes` = -1).",
      "originalIndex": "2"
    },
    {
      "index": "3",
      "text": "**Incorrect**. This statement misinterprets the settings. Kafka does not use both `log.retention.ms` and `log.retention.bytes` to determine a \"whichever comes first\" policy. Instead, both conditions must be met for a log segment to be eligible for deletion. Given `log.retention.bytes` = -1, size-based deletion is effectively disabled, leaving time-based deletion as the operative policy.",
      "originalIndex": "3"
    },
    {
      "index": "4",
      "text": "**Incorrect**. The statement that logs are retained indefinitely is wrong because `log.retention.ms` is explicitly set to a finite duration (86400000 ms or 1 day), dictating a time-based retention policy. The `-1` value for `log.retention.bytes` means there is no size limit on log retention, but it does not affect or override the time-based retention set by `log.retention.ms`.",
      "originalIndex": "4"
    }
  ],
  "rawAnswer": "",
  "answer": "0",
  "explanation": "",
  "category": "CCDAK",
  "metadata": {
    "sourceFile": "CCDAK-Exam-Questions\\Broker\\Questions1.md",
    "extractionDate": "2025-01-08T23:09:45.043Z",
    "quality": "medium",
    "structureIssues": [
      "No answer specified",
      "No explanation provided",
      "Default answer used"
    ],
    "originalFormat": {},
    "qualityScore": 70
  }
}
======================

=== ERROR 2025-01-08T23:10:24.285Z ===
File: CCDAK-Exam-Questions\Broker\Questions1.md
Message: Structure issues found: No answer specified, No explanation provided, Default answer used
Question Data:
{
  "title": ":",
  "content": ":\nAssuming a Kafka topic is configured with the following settings:\n- `log.segment.bytes` = 1073741824 (1GB)\n- `log.retention.ms` = 86400000 (1 day)\n- `log.retention.bytes` = -1\nWhich of the following statements accurately describes the log retention policy for this Kafka topic?",
  "options": [
    {
      "index": "1",
      "text": "Logs are retained based on size; once the log size exceeds 1GB, older segments are deleted.",
      "originalIndex": "1"
    },
    {
      "index": "2",
      "text": "Logs are retained for exactly one day, regardless of the size of the log.",
      "originalIndex": "2"
    },
    {
      "index": "3",
      "text": "Logs are retained until the size of the log exceeds 1GB or for one day, whichever comes first.",
      "originalIndex": "3"
    },
    {
      "index": "4",
      "text": "Logs are retained indefinitely, as `log.retention.bytes` is set to -1, overriding other retention configurations.",
      "originalIndex": "4"
    },
    {
      "index": "1",
      "text": "**Incorrect**. Although `log.segment.bytes` is set to 1GB, this setting alone does not dictate log retention based on size. It specifies the maximum size of a single log segment file. The deletion policy based on size is controlled by `log.retention.bytes`, which is not effectively set here due to its value being -1 (indicating no limit).",
      "originalIndex": "1"
    },
    {
      "index": "2",
      "text": "**Correct**. The setting `log.retention.ms` = 86400000 specifies that logs are retained for 86400000 milliseconds, which is equivalent to 24 hours or one day. This means logs are deleted after one day, regardless of their size, as long as `log.retention.bytes` does not impose a stricter limit, which in this case, it does not (`log.retention.bytes` = -1).",
      "originalIndex": "2"
    },
    {
      "index": "3",
      "text": "**Incorrect**. This statement misinterprets the settings. Kafka does not use both `log.retention.ms` and `log.retention.bytes` to determine a \"whichever comes first\" policy. Instead, both conditions must be met for a log segment to be eligible for deletion. Given `log.retention.bytes` = -1, size-based deletion is effectively disabled, leaving time-based deletion as the operative policy.",
      "originalIndex": "3"
    },
    {
      "index": "4",
      "text": "**Incorrect**. The statement that logs are retained indefinitely is wrong because `log.retention.ms` is explicitly set to a finite duration (86400000 ms or 1 day), dictating a time-based retention policy. The `-1` value for `log.retention.bytes` means there is no size limit on log retention, but it does not affect or override the time-based retention set by `log.retention.ms`.",
      "originalIndex": "4"
    }
  ],
  "rawAnswer": "",
  "answer": "0",
  "explanation": "",
  "category": "CCDAK",
  "metadata": {
    "sourceFile": "CCDAK-Exam-Questions\\Broker\\Questions1.md",
    "extractionDate": "2025-01-08T23:10:24.284Z",
    "quality": "medium",
    "structureIssues": [
      "No answer specified",
      "No explanation provided",
      "Default answer used"
    ],
    "originalFormat": {},
    "qualityScore": 70
  }
}
======================

=== ERROR 2025-01-08T23:10:39.775Z ===
File: CCDAK-Exam-Questions\Broker\Questions1.md
Message: Structure issues found: No answer specified, No explanation provided, Default answer used
Question Data:
{
  "title": ":",
  "content": ":\nAssuming a Kafka topic is configured with the following settings:\n- `log.segment.bytes` = 1073741824 (1GB)\n- `log.retention.ms` = 86400000 (1 day)\n- `log.retention.bytes` = -1\nWhich of the following statements accurately describes the log retention policy for this Kafka topic?",
  "options": [
    {
      "index": "1",
      "text": "Logs are retained based on size; once the log size exceeds 1GB, older segments are deleted.",
      "originalIndex": "1"
    },
    {
      "index": "2",
      "text": "Logs are retained for exactly one day, regardless of the size of the log.",
      "originalIndex": "2"
    },
    {
      "index": "3",
      "text": "Logs are retained until the size of the log exceeds 1GB or for one day, whichever comes first.",
      "originalIndex": "3"
    },
    {
      "index": "4",
      "text": "Logs are retained indefinitely, as `log.retention.bytes` is set to -1, overriding other retention configurations.",
      "originalIndex": "4"
    },
    {
      "index": "1",
      "text": "**Incorrect**. Although `log.segment.bytes` is set to 1GB, this setting alone does not dictate log retention based on size. It specifies the maximum size of a single log segment file. The deletion policy based on size is controlled by `log.retention.bytes`, which is not effectively set here due to its value being -1 (indicating no limit).",
      "originalIndex": "1"
    },
    {
      "index": "2",
      "text": "**Correct**. The setting `log.retention.ms` = 86400000 specifies that logs are retained for 86400000 milliseconds, which is equivalent to 24 hours or one day. This means logs are deleted after one day, regardless of their size, as long as `log.retention.bytes` does not impose a stricter limit, which in this case, it does not (`log.retention.bytes` = -1).",
      "originalIndex": "2"
    },
    {
      "index": "3",
      "text": "**Incorrect**. This statement misinterprets the settings. Kafka does not use both `log.retention.ms` and `log.retention.bytes` to determine a \"whichever comes first\" policy. Instead, both conditions must be met for a log segment to be eligible for deletion. Given `log.retention.bytes` = -1, size-based deletion is effectively disabled, leaving time-based deletion as the operative policy.",
      "originalIndex": "3"
    },
    {
      "index": "4",
      "text": "**Incorrect**. The statement that logs are retained indefinitely is wrong because `log.retention.ms` is explicitly set to a finite duration (86400000 ms or 1 day), dictating a time-based retention policy. The `-1` value for `log.retention.bytes` means there is no size limit on log retention, but it does not affect or override the time-based retention set by `log.retention.ms`.",
      "originalIndex": "4"
    }
  ],
  "rawAnswer": "",
  "answer": "0",
  "explanation": "",
  "category": "CCDAK",
  "metadata": {
    "sourceFile": "CCDAK-Exam-Questions\\Broker\\Questions1.md",
    "extractionDate": "2025-01-08T23:10:39.775Z",
    "quality": "medium",
    "structureIssues": [
      "No answer specified",
      "No explanation provided",
      "Default answer used"
    ],
    "originalFormat": {},
    "qualityScore": 70
  }
}
======================
